Build started 2/22/2016 3:31:39 PM.
     1>Project "C:\Users\ng\Documents\SP2-PDEntertainment.git\ComGraphics\ComGraphics\ComGraphics.vcxproj" on node 2 (Build target(s)).
     1>ClCompile:
         C:\Program Files (x86)\Microsoft Visual Studio 12.0\VC\bin\CL.exe /c /I"C:\Users\ng\Documents\SP2-PDEntertainment.git\ComGraphics\\Common\Source" /I"C:\Users\ng\Documents\SP2-PDEntertainment.git\ComGraphics\\glfw\include" /I"C:\Users\ng\Documents\SP2-PDEntertainment.git\ComGraphics\\glew\include" /ZI /nologo /W3 /WX- /sdl /Od /Oy- /D WIN32 /D _DEBUG /D _CONSOLE /D _LIB /D _UNICODE /D UNICODE /Gm /EHsc /RTC1 /MDd /GS /fp:precise /Zc:wchar_t /Zc:forScope /Fo"Debug\\" /Fd"Debug\vc120.pdb" /Gd /TP /analyze- /errorReport:prompt Source\Application.cpp source\CutSceneOneRenders.cpp Source\GlobalVariables.cpp source\MapRender.cpp source\SceneLevelOneARenders.cpp source\SceneEndRenders.cpp source\SceneLevelOneA.cpp source\SceneLevelOneB.cpp Source\SceneLevelOneBRenders.cpp Source\SceneStart.cpp Source\Camera.cpp Source\Camera3.cpp Source\LoadOBJ.cpp Source\LoadTGA.cpp Source\main.cpp Source\Mesh.cpp Source\MeshBuilder.cpp Source\OBJAnimation.cpp source\HostileMob.cpp Source\PlayerStat.cpp source\SceneStartRenders.cpp Source\shader.cpp Source\Misc.cpp Source\SceneEnd.cpp Source\CutSceneOne.cpp Source\SwitchLightPuzzle.cpp Source\ToolSection.cpp Source\ToolUI.cpp Source\Utility.cpp
         Utility.cpp
         ToolUI.cpp
         ToolSection.cpp
         SwitchLightPuzzle.cpp
         CutSceneOne.cpp
         SceneEnd.cpp
     1>c:\users\ng\documents\sp2-pdentertainment.git\comgraphics\comgraphics\source\sceneend.cpp(401): warning C4244: 'argument' : conversion from 'int' to 'float', possible loss of data
         Misc.cpp
         shader.cpp
         SceneStartRenders.cpp
         PlayerStat.cpp
         HostileMob.cpp
         OBJAnimation.cpp
         MeshBuilder.cpp
         Mesh.cpp
         main.cpp
         LoadTGA.cpp
         LoadOBJ.cpp
         Camera3.cpp
         Camera.cpp
         SceneStart.cpp
     1>c:\users\ng\documents\sp2-pdentertainment.git\comgraphics\comgraphics\source\scenestart.cpp(249): warning C4305: 'argument' : truncation from 'double' to 'float'
     1>c:\users\ng\documents\sp2-pdentertainment.git\comgraphics\comgraphics\source\scenestart.cpp(579): warning C4244: 'argument' : conversion from 'int' to 'float', possible loss of data
         Generating Code...
     1>c:\users\ng\documents\sp2-pdentertainment.git\comgraphics\comgraphics\source\toolsection.cpp(65): warning C4715: 'ToolSection::GetToolType' : not all control paths return a value
         Compiling...
         SceneLevelOneBRenders.cpp
         SceneLevelOneB.cpp
     1>c:\users\ng\documents\sp2-pdentertainment.git\comgraphics\comgraphics\source\sceneleveloneb.cpp(383): warning C4244: 'argument' : conversion from 'int' to 'float', possible loss of data
         SceneLevelOneA.cpp
     1>c:\users\ng\documents\sp2-pdentertainment.git\comgraphics\comgraphics\source\scenelevelonea.cpp(383): warning C4244: 'argument' : conversion from 'int' to 'float', possible loss of data
         SceneEndRenders.cpp
         SceneLevelOneARenders.cpp
         MapRender.cpp
     1>c:\users\ng\documents\sp2-pdentertainment.git\comgraphics\comgraphics\source\maprender.cpp(41): warning C4244: 'argument' : conversion from 'int' to 'float', possible loss of data
     1>c:\users\ng\documents\sp2-pdentertainment.git\comgraphics\comgraphics\source\maprender.cpp(89): warning C4244: 'argument' : conversion from 'int' to 'float', possible loss of data
     1>c:\users\ng\documents\sp2-pdentertainment.git\comgraphics\comgraphics\source\maprender.cpp(138): warning C4244: 'argument' : conversion from 'int' to 'float', possible loss of data
     1>c:\users\ng\documents\sp2-pdentertainment.git\comgraphics\comgraphics\source\maprender.cpp(187): warning C4244: 'argument' : conversion from 'int' to 'float', possible loss of data
     1>c:\users\ng\documents\sp2-pdentertainment.git\comgraphics\comgraphics\source\maprender.cpp(239): warning C4244: 'argument' : conversion from 'int' to 'float', possible loss of data
     1>c:\users\ng\documents\sp2-pdentertainment.git\comgraphics\comgraphics\source\maprender.cpp(287): warning C4244: 'argument' : conversion from 'int' to 'float', possible loss of data
     1>c:\users\ng\documents\sp2-pdentertainment.git\comgraphics\comgraphics\source\maprender.cpp(336): warning C4244: 'argument' : conversion from 'int' to 'float', possible loss of data
     1>c:\users\ng\documents\sp2-pdentertainment.git\comgraphics\comgraphics\source\maprender.cpp(385): warning C4244: 'argument' : conversion from 'int' to 'float', possible loss of data
         GlobalVariables.cpp
         CutSceneOneRenders.cpp
         Application.cpp
         Generating Code...
       Link:
         C:\Program Files (x86)\Microsoft Visual Studio 12.0\VC\bin\link.exe /ERRORREPORT:PROMPT /OUT:"C:\Users\ng\Documents\SP2-PDEntertainment.git\ComGraphics\Debug\ComGraphics.exe" /INCREMENTAL /NOLOGO /LIBPATH:"C:\Users\ng\Documents\SP2-PDEntertainment.git\ComGraphics\Debug" /LIBPATH:"C:\Users\ng\Documents\SP2-PDEntertainment.git\ComGraphics\\glfw\lib-msvc120" /LIBPATH:"C:\Users\ng\Documents\SP2-PDEntertainment.git\ComGraphics\\glew\lib" glew32.lib glfw3.lib opengl32.lib winmm.lib Common.lib kernel32.lib user32.lib gdi32.lib winspool.lib comdlg32.lib advapi32.lib shell32.lib ole32.lib oleaut32.lib uuid.lib odbc32.lib odbccp32.lib /MANIFEST /MANIFESTUAC:"level='asInvoker' uiAccess='false'" /manifest:embed /DEBUG /PDB:"C:\Users\ng\Documents\SP2-PDEntertainment.git\ComGraphics\Debug\ComGraphics.pdb" /SUBSYSTEM:CONSOLE /TLBID:1 /DYNAMICBASE /NXCOMPAT /IMPLIB:"C:\Users\ng\Documents\SP2-PDEntertainment.git\ComGraphics\Debug\ComGraphics.lib" /MACHINE:X86 Debug\Application.obj
         Debug\CutSceneOneRenders.obj
         Debug\GlobalVariables.obj
         Debug\MapRender.obj
         Debug\SceneLevelOneARenders.obj
         Debug\SceneEndRenders.obj
         Debug\SceneLevelOneA.obj
         Debug\SceneLevelOneB.obj
         Debug\SceneLevelOneBRenders.obj
         Debug\SceneStart.obj
         Debug\Camera.obj
         Debug\Camera3.obj
         Debug\LoadOBJ.obj
         Debug\LoadTGA.obj
         Debug\main.obj
         Debug\Mesh.obj
         Debug\MeshBuilder.obj
         Debug\OBJAnimation.obj
         Debug\HostileMob.obj
         Debug\PlayerStat.obj
         Debug\SceneStartRenders.obj
         Debug\shader.obj
         Debug\Misc.obj
         Debug\SceneEnd.obj
         Debug\CutSceneOne.obj
         Debug\SwitchLightPuzzle.obj
         Debug\ToolSection.obj
         Debug\ToolUI.obj
         Debug\Utility.obj
     1>LINK : warning LNK4098: defaultlib 'MSVCRT' conflicts with use of other libs; use /NODEFAULTLIB:library
         ComGraphics.vcxproj -> C:\Users\ng\Documents\SP2-PDEntertainment.git\ComGraphics\Debug\ComGraphics.exe
     1>Done Building Project "C:\Users\ng\Documents\SP2-PDEntertainment.git\ComGraphics\ComGraphics\ComGraphics.vcxproj" (Build target(s)).

Build succeeded.

Time Elapsed 00:00:16.58
