Build started 3/2/2016 2:55:17 PM.
     1>Project "C:\Users\ng\Documents\SP2-PDEntertainment.git\ComGraphics\ComGraphics\ComGraphics.vcxproj" on node 2 (Build target(s)).
     1>ClCompile:
         C:\Program Files (x86)\Microsoft Visual Studio 12.0\VC\bin\CL.exe /c /I"C:\Users\ng\Documents\SP2-PDEntertainment.git\ComGraphics\\Common\Source" /I"C:\Users\ng\Documents\SP2-PDEntertainment.git\ComGraphics\\glfw\include" /I"C:\Users\ng\Documents\SP2-PDEntertainment.git\ComGraphics\\glew\include" /Zi /nologo /W3 /WX- /sdl /O2 /Oi /Oy- /GL /D WIN32 /D NDEBUG /D _CONSOLE /D _LIB /D _UNICODE /D UNICODE /Gm- /EHsc /MD /GS /Gy /fp:precise /Zc:wchar_t /Zc:forScope /Fo"Release\\" /Fd"Release\vc120.pdb" /Gd /TP /analyze- /errorReport:prompt Source\Application.cpp Source\SceneEnd.cpp Source\SceneOpening.cpp Source\SceneStart.cpp source\MapRender.cpp source\SceneEndRenders.cpp source\SceneLevelOneA.cpp source\SceneLevelOneB.cpp source\SceneLevelTwo.cpp
         Application.cpp
         SceneEnd.cpp
     1>Source\SceneEnd.cpp(30): warning C4244: '=' : conversion from 'float' to 'int', possible loss of data
     1>Source\SceneEnd.cpp(31): warning C4244: '=' : conversion from 'float' to 'int', possible loss of data
         SceneOpening.cpp
         SceneStart.cpp
         MapRender.cpp
         SceneEndRenders.cpp
         SceneLevelOneA.cpp
         SceneLevelOneB.cpp
         SceneLevelTwo.cpp
       Link:
         C:\Program Files (x86)\Microsoft Visual Studio 12.0\VC\bin\link.exe /ERRORREPORT:PROMPT /OUT:"C:\Users\ng\Documents\SP2-PDEntertainment.git\ComGraphics\Release\ComGraphics.exe" /INCREMENTAL:NO /NOLOGO /LIBPATH:"C:\Users\ng\Documents\SP2-PDEntertainment.git\ComGraphics\Release" /LIBPATH:"C:\Users\ng\Documents\SP2-PDEntertainment.git\ComGraphics\\glfw\lib-msvc120" /LIBPATH:"C:\Users\ng\Documents\SP2-PDEntertainment.git\ComGraphics\\glew\lib" /LIBPATH:"C:\Users\ng\Documents\SP2-PDEntertainment.git\ComGraphics\\irrKlang" glew32.lib glfw3.lib opengl32.lib winmm.lib Common.lib irrKlang.lib /MANIFEST /MANIFESTUAC:"level='asInvoker' uiAccess='false'" /manifest:embed /DEBUG /PDB:"C:\Users\ng\Documents\SP2-PDEntertainment.git\ComGraphics\Release\ComGraphics.pdb" /SUBSYSTEM:CONSOLE /OPT:REF /OPT:ICF /LTCG /TLBID:1 /DYNAMICBASE /NXCOMPAT /IMPLIB:"C:\Users\ng\Documents\SP2-PDEntertainment.git\ComGraphics\Release\ComGraphics.lib" /MACHINE:X86 /SAFESEH Release\Application.obj
         Release\Credits.obj
         Release\CutSceneOneRenders.obj
         Release\GlobalVariables.obj
         Release\MapRender.obj
         Release\MobBossOne.obj
         Release\MobGhost.obj
         Release\Music.obj
         Release\OpeningCutScene.obj
         Release\OpeningCutScene2.obj
         Release\SceneEndCutScene.obj
         Release\SceneLevelOneARenders.obj
         Release\SceneEndRenders.obj
         Release\SceneLevelOneA.obj
         Release\SceneLevelOneB.obj
         Release\SceneLevelOneBRenders.obj
         Release\SceneLevelTwo.obj
         Release\SceneLevelTwoRenders.obj
         Release\SceneOpening.obj
         Release\SceneStart.obj
         Release\Camera.obj
         Release\Camera3.obj
         Release\LoadOBJ.obj
         Release\LoadTGA.obj
         Release\main.obj
         Release\Mesh.obj
         Release\MeshBuilder.obj
         Release\OBJAnimation.obj
         Release\HostileMob.obj
         Release\Explorer.obj
         Release\SceneStartRenders.obj
         Release\shader.obj
         Release\Misc.obj
         Release\SceneEnd.obj
         Release\CutSceneOne.obj
         Release\spawnPoints.obj
         Release\SwitchLightPuzzle.obj
         Release\ToolUI.obj
         Release\Utility.obj
     1>Application.obj : error LNK2001: unresolved external symbol __imp__GetAsyncKeyState@4
     1>glfw3.lib(win32_window.obj) : error LNK2001: unresolved external symbol __imp__GetAsyncKeyState@4
     1>glfw3.lib(win32_window.obj) : error LNK2001: unresolved external symbol __imp__TrackMouseEvent@4
     1>glfw3.lib(win32_window.obj) : error LNK2001: unresolved external symbol __imp__TranslateMessage@4
     1>glfw3.lib(win32_window.obj) : error LNK2001: unresolved external symbol __imp__DispatchMessageW@4
     1>glfw3.lib(win32_window.obj) : error LNK2001: unresolved external symbol __imp__PeekMessageW@20
     1>glfw3.lib(win32_window.obj) : error LNK2001: unresolved external symbol __imp__GetMessageTime@0
     1>glfw3.lib(win32_window.obj) : error LNK2001: unresolved external symbol __imp__WaitMessage@0
     1>glfw3.lib(win32_window.obj) : error LNK2001: unresolved external symbol __imp__DefWindowProcW@16
     1>glfw3.lib(win32_window.obj) : error LNK2001: unresolved external symbol __imp__RegisterClassW@4
     1>glfw3.lib(win32_window.obj) : error LNK2001: unresolved external symbol __imp__CreateWindowExW@48
     1>glfw3.lib(win32_window.obj) : error LNK2001: unresolved external symbol __imp__DestroyWindow@4
     1>glfw3.lib(win32_window.obj) : error LNK2001: unresolved external symbol __imp__ShowWindow@8
     1>glfw3.lib(win32_window.obj) : error LNK2001: unresolved external symbol __imp__SetWindowPos@28
     1>glfw3.lib(win32_window.obj) : error LNK2001: unresolved external symbol __imp__IsIconic@4
     1>glfw3.lib(win32_window.obj) : error LNK2001: unresolved external symbol __imp__BringWindowToTop@4
     1>glfw3.lib(win32_window.obj) : error LNK2001: unresolved external symbol __imp__SetFocus@4
     1>glfw3.lib(win32_window.obj) : error LNK2001: unresolved external symbol __imp__GetKeyState@4
     1>glfw3.lib(win32_window.obj) : error LNK2001: unresolved external symbol __imp__MapVirtualKeyW@8
     1>glfw3.lib(win32_window.obj) : error LNK2001: unresolved external symbol __imp__SetCapture@4
     1>glfw3.lib(win32_window.obj) : error LNK2001: unresolved external symbol __imp__ReleaseCapture@0
     1>glfw3.lib(win32_window.obj) : error LNK2001: unresolved external symbol __imp__SetForegroundWindow@4
     1>glfw3.lib(win32_window.obj) : error LNK2001: unresolved external symbol __imp__SetWindowTextW@8
     1>glfw3.lib(win32_window.obj) : error LNK2001: unresolved external symbol __imp__GetClientRect@8
     1>glfw3.lib(win32_window.obj) : error LNK2001: unresolved external symbol __imp__AdjustWindowRectEx@16
     1>glfw3.lib(win32_window.obj) : error LNK2001: unresolved external symbol __imp__ShowCursor@4
     1>glfw3.lib(win32_window.obj) : error LNK2001: unresolved external symbol __imp__SetCursorPos@8
     1>glfw3.lib(win32_window.obj) : error LNK2001: unresolved external symbol __imp__SetCursor@4
     1>glfw3.lib(win32_window.obj) : error LNK2001: unresolved external symbol __imp__GetCursorPos@4
     1>glfw3.lib(win32_window.obj) : error LNK2001: unresolved external symbol __imp__ClipCursor@4
     1>glfw3.lib(win32_window.obj) : error LNK2001: unresolved external symbol __imp__ClientToScreen@8
     1>glfw3.lib(win32_window.obj) : error LNK2001: unresolved external symbol __imp__WindowFromPoint@8
     1>glfw3.lib(win32_window.obj) : error LNK2001: unresolved external symbol __imp__GetWindowLongW@8
     1>glfw3.lib(win32_window.obj) : error LNK2001: unresolved external symbol __imp__SetWindowLongW@12
     1>glfw3.lib(win32_window.obj) : error LNK2001: unresolved external symbol __imp__LoadCursorW@8
     1>glfw3.lib(win32_window.obj) : error LNK2001: unresolved external symbol __imp__LoadIconW@8
     1>glfw3.lib(wgl_context.obj) : error LNK2001: unresolved external symbol __imp__DescribePixelFormat@16
     1>glfw3.lib(wgl_context.obj) : error LNK2001: unresolved external symbol __imp__SetPixelFormat@12
     1>glfw3.lib(wgl_context.obj) : error LNK2001: unresolved external symbol __imp__SwapBuffers@4
     1>glfw3.lib(wgl_context.obj) : error LNK2001: unresolved external symbol __imp__GetDC@4
     1>glfw3.lib(wgl_context.obj) : error LNK2001: unresolved external symbol __imp__ReleaseDC@8
     1>glfw3.lib(win32_init.obj) : error LNK2001: unresolved external symbol __imp__UnregisterClassW@8
     1>glfw3.lib(win32_init.obj) : error LNK2001: unresolved external symbol __imp__SystemParametersInfoW@16
     1>glfw3.lib(win32_monitor.obj) : error LNK2001: unresolved external symbol __imp__CreateDCW@16
     1>glfw3.lib(win32_gamma.obj) : error LNK2001: unresolved external symbol __imp__CreateDCW@16
     1>glfw3.lib(win32_monitor.obj) : error LNK2001: unresolved external symbol __imp__DeleteDC@4
     1>glfw3.lib(win32_gamma.obj) : error LNK2001: unresolved external symbol __imp__DeleteDC@4
     1>glfw3.lib(win32_monitor.obj) : error LNK2001: unresolved external symbol __imp__GetDeviceCaps@8
     1>glfw3.lib(win32_monitor.obj) : error LNK2001: unresolved external symbol __imp__ChangeDisplaySettingsExW@20
     1>glfw3.lib(win32_monitor.obj) : error LNK2001: unresolved external symbol __imp__EnumDisplaySettingsW@12
     1>glfw3.lib(win32_monitor.obj) : error LNK2001: unresolved external symbol __imp__EnumDisplaySettingsExW@16
     1>glfw3.lib(win32_monitor.obj) : error LNK2001: unresolved external symbol __imp__EnumDisplayDevicesW@16
     1>glfw3.lib(win32_gamma.obj) : error LNK2001: unresolved external symbol __imp__EnumDisplayDevicesW@16
     1>glfw3.lib(win32_gamma.obj) : error LNK2001: unresolved external symbol __imp__GetDeviceGammaRamp@8
     1>glfw3.lib(win32_gamma.obj) : error LNK2001: unresolved external symbol __imp__SetDeviceGammaRamp@8
     1>C:\Users\ng\Documents\SP2-PDEntertainment.git\ComGraphics\Release\ComGraphics.exe : fatal error LNK1120: 51 unresolved externals
     1>Done Building Project "C:\Users\ng\Documents\SP2-PDEntertainment.git\ComGraphics\ComGraphics\ComGraphics.vcxproj" (Build target(s)) -- FAILED.

Build FAILED.

Time Elapsed 00:00:17.29
